<?xml version="1.0" encoding="UTF-8"?>
<!-- Generated by org.testng.reporters.JUnitReportReporter -->
<testsuite skipped="0" hostname="Fahad" name="com.facebookProject.fcebookProject.test.Scenario010" tests="1" failures="0" timestamp="4 Nov 2016 19:48:01 GMT" time="24.642" errors="0">
  <testcase name="scrollDownnAndLoadPage" time="24.642" classname="com.facebookProject.fcebookProject.test.Scenario010"/>
</testsuite> <!-- com.facebookProject.fcebookProject.test.Scenario010 -->
