<?xml version="1.0" encoding="UTF-8"?>
<!-- Generated by org.testng.reporters.JUnitReportReporter -->
<testsuite skipped="0" hostname="Fahad" name="com.facebookProject.fcebookProject.test.Scenario006" tests="1" failures="0" timestamp="3 Nov 2016 20:23:07 GMT" time="14.148" errors="0">
  <testcase name="playAuthenticateSelfVideo" time="14.148" classname="com.facebookProject.fcebookProject.test.Scenario006"/>
</testsuite> <!-- com.facebookProject.fcebookProject.test.Scenario006 -->
