<?xml version="1.0" encoding="UTF-8"?>
<!-- Generated by org.testng.reporters.JUnitReportReporter -->
<testsuite skipped="0" hostname="Fahad" name="com.facebookProject.fcebookProject.test.Scenario008" tests="1" failures="0" timestamp="8 Nov 2016 16:32:13 GMT" time="5.427" errors="0">
  <testcase name="listOfGamesNamedMania" time="5.427" classname="com.facebookProject.fcebookProject.test.Scenario008"/>
</testsuite> <!-- com.facebookProject.fcebookProject.test.Scenario008 -->
