<?xml version="1.0" encoding="UTF-8"?>
<!-- Generated by org.testng.reporters.JUnitReportReporter -->
<testsuite skipped="0" hostname="Fahad" name="com.facebookProject.fcebookProject.test.Scenario003" tests="1" failures="0" timestamp="2 Nov 2016 23:56:32 GMT" time="4.102" errors="0">
  <testcase name="verifyAdSettingsPage" time="4.102" classname="com.facebookProject.fcebookProject.test.Scenario003"/>
</testsuite> <!-- com.facebookProject.fcebookProject.test.Scenario003 -->
