<?xml version="1.0" encoding="UTF-8"?>
<!-- Generated by org.testng.reporters.JUnitReportReporter -->
<testsuite skipped="0" hostname="Fahad" name="com.facebookProject.fcebookProject.test.Scenario007" tests="1" failures="0" timestamp="4 Nov 2016 20:31:11 GMT" time="6.037" errors="0">
  <testcase name="submittingFeedback" time="6.037" classname="com.facebookProject.fcebookProject.test.Scenario007"/>
</testsuite> <!-- com.facebookProject.fcebookProject.test.Scenario007 -->
