<?xml version="1.0" encoding="UTF-8"?>
<!-- Generated by org.testng.reporters.JUnitReportReporter -->
<testsuite skipped="0" hostname="Fahad" name="com.facebookProject.fcebookProject.test.Scenario009" tests="1" failures="0" timestamp="4 Nov 2016 19:42:11 GMT" time="1.441" errors="0">
  <testcase name="verifyInvalidLogin" time="1.441" classname="com.facebookProject.fcebookProject.test.Scenario009"/>
</testsuite> <!-- com.facebookProject.fcebookProject.test.Scenario009 -->
