<?xml version="1.0" encoding="UTF-8"?>
<!-- Generated by org.testng.reporters.JUnitReportReporter -->
<testsuite skipped="0" hostname="Fahad" name="com.facebookProject.fcebookProject.test.Scenario001" tests="1" failures="0" timestamp="8 Nov 2016 18:09:40 GMT" time="4.013" errors="0">
  <testcase name="verifyTryAnotherText" time="4.013" classname="com.facebookProject.fcebookProject.test.Scenario001"/>
</testsuite> <!-- com.facebookProject.fcebookProject.test.Scenario001 -->
