<?xml version="1.0" encoding="UTF-8"?>
<!-- Generated by org.testng.reporters.JUnitReportReporter -->
<testsuite skipped="0" hostname="Fahad" name="com.facebookProject.fcebookProject.test.ScenarioFour" tests="1" failures="0" timestamp="3 Nov 2016 19:49:21 GMT" time="2.693" errors="0">
  <testcase name="listOfWesternEuropeLanguages" time="2.693" classname="com.facebookProject.fcebookProject.test.ScenarioFour"/>
</testsuite> <!-- com.facebookProject.fcebookProject.test.ScenarioFour -->
