<?xml version="1.0" encoding="UTF-8"?>
<!-- Generated by org.testng.reporters.JUnitReportReporter -->
<testsuite skipped="0" hostname="Fahad" name="com.facebookProject.fcebookProject.test.Scenario002" tests="1" failures="0" timestamp="8 Nov 2016 18:09:22 GMT" time="2.251" errors="0">
  <testcase name="categoryListOfEntertainment" time="2.251" classname="com.facebookProject.fcebookProject.test.Scenario002"/>
</testsuite> <!-- com.facebookProject.fcebookProject.test.Scenario002 -->
