<?xml version="1.0" encoding="UTF-8"?>
<!-- Generated by org.testng.reporters.JUnitReportReporter -->
<testsuite skipped="0" hostname="Fahad" name="com.facebookProject.fcebookProject.test.Scenario005" tests="1" failures="0" timestamp="8 Nov 2016 18:03:03 GMT" time="3.553" errors="0">
  <testcase name="verifyTradeMarkPage" time="3.553" classname="com.facebookProject.fcebookProject.test.Scenario005"/>
</testsuite> <!-- com.facebookProject.fcebookProject.test.Scenario005 -->
