<?xml version="1.0" encoding="UTF-8"?>
<!-- Generated by org.testng.reporters.JUnitReportReporter -->
<testsuite skipped="0" hostname="Fahad" name="com.facebookProject.fcebookProject.test.Scenario004" tests="1" failures="0" timestamp="9 Nov 2016 00:51:15 GMT" time="1.766" errors="0">
  <testcase name="listOfWesternEuropeLanguages" time="1.766" classname="com.facebookProject.fcebookProject.test.Scenario004"/>
</testsuite> <!-- com.facebookProject.fcebookProject.test.Scenario004 -->
