<?xml version="1.0" encoding="UTF-8"?>
<!-- Generated by org.testng.reporters.JUnitReportReporter -->
<testsuite skipped="0" hostname="Fahad" name="com.facebookProject.fcebookProject.test.Scenario010" tests="1" failures="0" timestamp="9 Nov 2016 00:51:15 GMT" time="22.669" errors="0">
  <testcase name="scrollDownnAndLoadPage" time="22.669" classname="com.facebookProject.fcebookProject.test.Scenario010"/>
</testsuite> <!-- com.facebookProject.fcebookProject.test.Scenario010 -->
